Created by PLY version 3.11 (http://www.dabeaz.com/ply)

Unused terminals:

    AND
    ASPAS
    COMMENT
    ERR_STRING
    FALSE
    GREATEROREQUAL
    LESSTHANOREQUAL
    OR
    TRUE

Grammar

Rule 0     S' -> programa_minipar
Rule 1     programa_minipar -> bloco_stmt
Rule 2     bloco_stmt -> bloco_SEQ
Rule 3     bloco_stmt -> bloco_PAR
Rule 4     bloco_stmt -> stmts
Rule 5     bloco_SEQ -> SEQ stmts
Rule 6     bloco_PAR -> PAR stmts
Rule 7     stmts -> stmt
Rule 8     stmts -> stmts stmt
Rule 9     stmt -> atribuicao
Rule 10    stmt -> comparacao
Rule 11    stmt -> IF LPAREN BOOLEAN RPAREN LBRACE stmt RBRACE
Rule 12    stmt -> IF LPAREN comparacao RPAREN LBRACE stmt RBRACE
Rule 13    stmt -> IF LPAREN BOOLEAN RPAREN LBRACE single_stmt RBRACE ELSE LBRACE single_stmt RBRACE
Rule 14    stmt -> IF LPAREN comparacao RPAREN LBRACE single_stmt RBRACE ELSE LBRACE single_stmt RBRACE
Rule 15    single_stmt -> atribuicao
Rule 16    single_stmt -> comparacao
Rule 17    stmt -> WHILE LPAREN BOOLEAN RPAREN LBRACE stmt RBRACE
Rule 18    stmt -> WHILE LPAREN comparacao RPAREN LBRACE stmt RBRACE
Rule 19    atribuicao -> ID EQUAL expr
Rule 20    comparacao -> expr LESSTHAN expr
Rule 21    comparacao -> expr GREATERTHAN expr
Rule 22    comparacao -> expr NOTEQUAL expr
Rule 23    expr -> c_channel
Rule 24    expr -> ID
Rule 25    expr -> NUMBER
Rule 26    expr -> operacao
Rule 27    expr -> BOOLEAN
Rule 28    expr -> STRING
Rule 29    expr -> LPAREN expr RPAREN
Rule 30    expr -> LPAREN c_channel RPAREN
Rule 31    operacao -> adicao
Rule 32    operacao -> subtracao
Rule 33    operacao -> multiplicacao
Rule 34    operacao -> divisao
Rule 35    adicao -> NUMBER PLUS NUMBER
Rule 36    adicao -> ID PLUS ID
Rule 37    adicao -> ID PLUS NUMBER
Rule 38    subtracao -> NUMBER MINUS NUMBER
Rule 39    multiplicacao -> NUMBER TIMES NUMBER
Rule 40    divisao -> NUMBER DIVIDE NUMBER
Rule 41    c_channel -> CHAN ID : ID , ID

Terminals, with rules where they appear

,                    : 41
:                    : 41
AND                  : 
ASPAS                : 
BOOLEAN              : 11 13 17 27
CHAN                 : 41
COMMENT              : 
DIVIDE               : 40
ELSE                 : 13 14
EQUAL                : 19
ERR_STRING           : 
FALSE                : 
GREATEROREQUAL       : 
GREATERTHAN          : 21
ID                   : 19 24 36 36 37 41 41 41
IF                   : 11 12 13 14
LBRACE               : 11 12 13 13 14 14 17 18
LESSTHAN             : 20
LESSTHANOREQUAL      : 
LPAREN               : 11 12 13 14 17 18 29 30
MINUS                : 38
NOTEQUAL             : 22
NUMBER               : 25 35 35 37 38 38 39 39 40 40
OR                   : 
PAR                  : 6
PLUS                 : 35 36 37
RBRACE               : 11 12 13 13 14 14 17 18
RPAREN               : 11 12 13 14 17 18 29 30
SEQ                  : 5
STRING               : 28
TIMES                : 39
TRUE                 : 
WHILE                : 17 18
error                : 

Nonterminals, with rules where they appear

adicao               : 31
atribuicao           : 9 15
bloco_PAR            : 3
bloco_SEQ            : 2
bloco_stmt           : 1
c_channel            : 23 30
comparacao           : 10 12 14 16 18
divisao              : 34
expr                 : 19 20 20 21 21 22 22 29
multiplicacao        : 33
operacao             : 26
programa_minipar     : 0
single_stmt          : 13 13 14 14
stmt                 : 7 8 11 12 17 18
stmts                : 4 5 6 8
subtracao            : 32

Parsing method: LALR

state 0

    (0) S' -> . programa_minipar
    (1) programa_minipar -> . bloco_stmt
    (2) bloco_stmt -> . bloco_SEQ
    (3) bloco_stmt -> . bloco_PAR
    (4) bloco_stmt -> . stmts
    (5) bloco_SEQ -> . SEQ stmts
    (6) bloco_PAR -> . PAR stmts
    (7) stmts -> . stmt
    (8) stmts -> . stmts stmt
    (9) stmt -> . atribuicao
    (10) stmt -> . comparacao
    (11) stmt -> . IF LPAREN BOOLEAN RPAREN LBRACE stmt RBRACE
    (12) stmt -> . IF LPAREN comparacao RPAREN LBRACE stmt RBRACE
    (13) stmt -> . IF LPAREN BOOLEAN RPAREN LBRACE single_stmt RBRACE ELSE LBRACE single_stmt RBRACE
    (14) stmt -> . IF LPAREN comparacao RPAREN LBRACE single_stmt RBRACE ELSE LBRACE single_stmt RBRACE
    (17) stmt -> . WHILE LPAREN BOOLEAN RPAREN LBRACE stmt RBRACE
    (18) stmt -> . WHILE LPAREN comparacao RPAREN LBRACE stmt RBRACE
    (19) atribuicao -> . ID EQUAL expr
    (20) comparacao -> . expr LESSTHAN expr
    (21) comparacao -> . expr GREATERTHAN expr
    (22) comparacao -> . expr NOTEQUAL expr
    (23) expr -> . c_channel
    (24) expr -> . ID
    (25) expr -> . NUMBER
    (26) expr -> . operacao
    (27) expr -> . BOOLEAN
    (28) expr -> . STRING
    (29) expr -> . LPAREN expr RPAREN
    (30) expr -> . LPAREN c_channel RPAREN
    (41) c_channel -> . CHAN ID : ID , ID
    (31) operacao -> . adicao
    (32) operacao -> . subtracao
    (33) operacao -> . multiplicacao
    (34) operacao -> . divisao
    (35) adicao -> . NUMBER PLUS NUMBER
    (36) adicao -> . ID PLUS ID
    (37) adicao -> . ID PLUS NUMBER
    (38) subtracao -> . NUMBER MINUS NUMBER
    (39) multiplicacao -> . NUMBER TIMES NUMBER
    (40) divisao -> . NUMBER DIVIDE NUMBER

    SEQ             shift and go to state 6
    PAR             shift and go to state 7
    IF              shift and go to state 11
    WHILE           shift and go to state 14
    ID              shift and go to state 15
    NUMBER          shift and go to state 18
    BOOLEAN         shift and go to state 13
    STRING          shift and go to state 20
    LPAREN          shift and go to state 12
    CHAN            shift and go to state 21

    programa_minipar               shift and go to state 1
    bloco_stmt                     shift and go to state 2
    bloco_SEQ                      shift and go to state 3
    bloco_PAR                      shift and go to state 4
    stmts                          shift and go to state 5
    stmt                           shift and go to state 8
    atribuicao                     shift and go to state 9
    comparacao                     shift and go to state 10
    expr                           shift and go to state 16
    c_channel                      shift and go to state 17
    operacao                       shift and go to state 19
    adicao                         shift and go to state 22
    subtracao                      shift and go to state 23
    multiplicacao                  shift and go to state 24
    divisao                        shift and go to state 25

state 1

    (0) S' -> programa_minipar .



state 2

    (1) programa_minipar -> bloco_stmt .

    $end            reduce using rule 1 (programa_minipar -> bloco_stmt .)


state 3

    (2) bloco_stmt -> bloco_SEQ .

    $end            reduce using rule 2 (bloco_stmt -> bloco_SEQ .)


state 4

    (3) bloco_stmt -> bloco_PAR .

    $end            reduce using rule 3 (bloco_stmt -> bloco_PAR .)


state 5

    (4) bloco_stmt -> stmts .
    (8) stmts -> stmts . stmt
    (9) stmt -> . atribuicao
    (10) stmt -> . comparacao
    (11) stmt -> . IF LPAREN BOOLEAN RPAREN LBRACE stmt RBRACE
    (12) stmt -> . IF LPAREN comparacao RPAREN LBRACE stmt RBRACE
    (13) stmt -> . IF LPAREN BOOLEAN RPAREN LBRACE single_stmt RBRACE ELSE LBRACE single_stmt RBRACE
    (14) stmt -> . IF LPAREN comparacao RPAREN LBRACE single_stmt RBRACE ELSE LBRACE single_stmt RBRACE
    (17) stmt -> . WHILE LPAREN BOOLEAN RPAREN LBRACE stmt RBRACE
    (18) stmt -> . WHILE LPAREN comparacao RPAREN LBRACE stmt RBRACE
    (19) atribuicao -> . ID EQUAL expr
    (20) comparacao -> . expr LESSTHAN expr
    (21) comparacao -> . expr GREATERTHAN expr
    (22) comparacao -> . expr NOTEQUAL expr
    (23) expr -> . c_channel
    (24) expr -> . ID
    (25) expr -> . NUMBER
    (26) expr -> . operacao
    (27) expr -> . BOOLEAN
    (28) expr -> . STRING
    (29) expr -> . LPAREN expr RPAREN
    (30) expr -> . LPAREN c_channel RPAREN
    (41) c_channel -> . CHAN ID : ID , ID
    (31) operacao -> . adicao
    (32) operacao -> . subtracao
    (33) operacao -> . multiplicacao
    (34) operacao -> . divisao
    (35) adicao -> . NUMBER PLUS NUMBER
    (36) adicao -> . ID PLUS ID
    (37) adicao -> . ID PLUS NUMBER
    (38) subtracao -> . NUMBER MINUS NUMBER
    (39) multiplicacao -> . NUMBER TIMES NUMBER
    (40) divisao -> . NUMBER DIVIDE NUMBER

    $end            reduce using rule 4 (bloco_stmt -> stmts .)
    IF              shift and go to state 11
    WHILE           shift and go to state 14
    ID              shift and go to state 15
    NUMBER          shift and go to state 18
    BOOLEAN         shift and go to state 13
    STRING          shift and go to state 20
    LPAREN          shift and go to state 12
    CHAN            shift and go to state 21

    stmt                           shift and go to state 26
    atribuicao                     shift and go to state 9
    comparacao                     shift and go to state 10
    expr                           shift and go to state 16
    c_channel                      shift and go to state 17
    operacao                       shift and go to state 19
    adicao                         shift and go to state 22
    subtracao                      shift and go to state 23
    multiplicacao                  shift and go to state 24
    divisao                        shift and go to state 25

state 6

    (5) bloco_SEQ -> SEQ . stmts
    (7) stmts -> . stmt
    (8) stmts -> . stmts stmt
    (9) stmt -> . atribuicao
    (10) stmt -> . comparacao
    (11) stmt -> . IF LPAREN BOOLEAN RPAREN LBRACE stmt RBRACE
    (12) stmt -> . IF LPAREN comparacao RPAREN LBRACE stmt RBRACE
    (13) stmt -> . IF LPAREN BOOLEAN RPAREN LBRACE single_stmt RBRACE ELSE LBRACE single_stmt RBRACE
    (14) stmt -> . IF LPAREN comparacao RPAREN LBRACE single_stmt RBRACE ELSE LBRACE single_stmt RBRACE
    (17) stmt -> . WHILE LPAREN BOOLEAN RPAREN LBRACE stmt RBRACE
    (18) stmt -> . WHILE LPAREN comparacao RPAREN LBRACE stmt RBRACE
    (19) atribuicao -> . ID EQUAL expr
    (20) comparacao -> . expr LESSTHAN expr
    (21) comparacao -> . expr GREATERTHAN expr
    (22) comparacao -> . expr NOTEQUAL expr
    (23) expr -> . c_channel
    (24) expr -> . ID
    (25) expr -> . NUMBER
    (26) expr -> . operacao
    (27) expr -> . BOOLEAN
    (28) expr -> . STRING
    (29) expr -> . LPAREN expr RPAREN
    (30) expr -> . LPAREN c_channel RPAREN
    (41) c_channel -> . CHAN ID : ID , ID
    (31) operacao -> . adicao
    (32) operacao -> . subtracao
    (33) operacao -> . multiplicacao
    (34) operacao -> . divisao
    (35) adicao -> . NUMBER PLUS NUMBER
    (36) adicao -> . ID PLUS ID
    (37) adicao -> . ID PLUS NUMBER
    (38) subtracao -> . NUMBER MINUS NUMBER
    (39) multiplicacao -> . NUMBER TIMES NUMBER
    (40) divisao -> . NUMBER DIVIDE NUMBER

    IF              shift and go to state 11
    WHILE           shift and go to state 14
    ID              shift and go to state 15
    NUMBER          shift and go to state 18
    BOOLEAN         shift and go to state 13
    STRING          shift and go to state 20
    LPAREN          shift and go to state 12
    CHAN            shift and go to state 21

    stmts                          shift and go to state 27
    stmt                           shift and go to state 8
    atribuicao                     shift and go to state 9
    comparacao                     shift and go to state 10
    expr                           shift and go to state 16
    c_channel                      shift and go to state 17
    operacao                       shift and go to state 19
    adicao                         shift and go to state 22
    subtracao                      shift and go to state 23
    multiplicacao                  shift and go to state 24
    divisao                        shift and go to state 25

state 7

    (6) bloco_PAR -> PAR . stmts
    (7) stmts -> . stmt
    (8) stmts -> . stmts stmt
    (9) stmt -> . atribuicao
    (10) stmt -> . comparacao
    (11) stmt -> . IF LPAREN BOOLEAN RPAREN LBRACE stmt RBRACE
    (12) stmt -> . IF LPAREN comparacao RPAREN LBRACE stmt RBRACE
    (13) stmt -> . IF LPAREN BOOLEAN RPAREN LBRACE single_stmt RBRACE ELSE LBRACE single_stmt RBRACE
    (14) stmt -> . IF LPAREN comparacao RPAREN LBRACE single_stmt RBRACE ELSE LBRACE single_stmt RBRACE
    (17) stmt -> . WHILE LPAREN BOOLEAN RPAREN LBRACE stmt RBRACE
    (18) stmt -> . WHILE LPAREN comparacao RPAREN LBRACE stmt RBRACE
    (19) atribuicao -> . ID EQUAL expr
    (20) comparacao -> . expr LESSTHAN expr
    (21) comparacao -> . expr GREATERTHAN expr
    (22) comparacao -> . expr NOTEQUAL expr
    (23) expr -> . c_channel
    (24) expr -> . ID
    (25) expr -> . NUMBER
    (26) expr -> . operacao
    (27) expr -> . BOOLEAN
    (28) expr -> . STRING
    (29) expr -> . LPAREN expr RPAREN
    (30) expr -> . LPAREN c_channel RPAREN
    (41) c_channel -> . CHAN ID : ID , ID
    (31) operacao -> . adicao
    (32) operacao -> . subtracao
    (33) operacao -> . multiplicacao
    (34) operacao -> . divisao
    (35) adicao -> . NUMBER PLUS NUMBER
    (36) adicao -> . ID PLUS ID
    (37) adicao -> . ID PLUS NUMBER
    (38) subtracao -> . NUMBER MINUS NUMBER
    (39) multiplicacao -> . NUMBER TIMES NUMBER
    (40) divisao -> . NUMBER DIVIDE NUMBER

    IF              shift and go to state 11
    WHILE           shift and go to state 14
    ID              shift and go to state 15
    NUMBER          shift and go to state 18
    BOOLEAN         shift and go to state 13
    STRING          shift and go to state 20
    LPAREN          shift and go to state 12
    CHAN            shift and go to state 21

    stmts                          shift and go to state 28
    stmt                           shift and go to state 8
    atribuicao                     shift and go to state 9
    comparacao                     shift and go to state 10
    expr                           shift and go to state 16
    c_channel                      shift and go to state 17
    operacao                       shift and go to state 19
    adicao                         shift and go to state 22
    subtracao                      shift and go to state 23
    multiplicacao                  shift and go to state 24
    divisao                        shift and go to state 25

state 8

    (7) stmts -> stmt .

    IF              reduce using rule 7 (stmts -> stmt .)
    WHILE           reduce using rule 7 (stmts -> stmt .)
    ID              reduce using rule 7 (stmts -> stmt .)
    NUMBER          reduce using rule 7 (stmts -> stmt .)
    BOOLEAN         reduce using rule 7 (stmts -> stmt .)
    STRING          reduce using rule 7 (stmts -> stmt .)
    LPAREN          reduce using rule 7 (stmts -> stmt .)
    CHAN            reduce using rule 7 (stmts -> stmt .)
    $end            reduce using rule 7 (stmts -> stmt .)


state 9

    (9) stmt -> atribuicao .

    IF              reduce using rule 9 (stmt -> atribuicao .)
    WHILE           reduce using rule 9 (stmt -> atribuicao .)
    ID              reduce using rule 9 (stmt -> atribuicao .)
    NUMBER          reduce using rule 9 (stmt -> atribuicao .)
    BOOLEAN         reduce using rule 9 (stmt -> atribuicao .)
    STRING          reduce using rule 9 (stmt -> atribuicao .)
    LPAREN          reduce using rule 9 (stmt -> atribuicao .)
    CHAN            reduce using rule 9 (stmt -> atribuicao .)
    $end            reduce using rule 9 (stmt -> atribuicao .)
    RBRACE          reduce using rule 9 (stmt -> atribuicao .)


state 10

    (10) stmt -> comparacao .

    IF              reduce using rule 10 (stmt -> comparacao .)
    WHILE           reduce using rule 10 (stmt -> comparacao .)
    ID              reduce using rule 10 (stmt -> comparacao .)
    NUMBER          reduce using rule 10 (stmt -> comparacao .)
    BOOLEAN         reduce using rule 10 (stmt -> comparacao .)
    STRING          reduce using rule 10 (stmt -> comparacao .)
    LPAREN          reduce using rule 10 (stmt -> comparacao .)
    CHAN            reduce using rule 10 (stmt -> comparacao .)
    $end            reduce using rule 10 (stmt -> comparacao .)
    RBRACE          reduce using rule 10 (stmt -> comparacao .)


state 11

    (11) stmt -> IF . LPAREN BOOLEAN RPAREN LBRACE stmt RBRACE
    (12) stmt -> IF . LPAREN comparacao RPAREN LBRACE stmt RBRACE
    (13) stmt -> IF . LPAREN BOOLEAN RPAREN LBRACE single_stmt RBRACE ELSE LBRACE single_stmt RBRACE
    (14) stmt -> IF . LPAREN comparacao RPAREN LBRACE single_stmt RBRACE ELSE LBRACE single_stmt RBRACE

    LPAREN          shift and go to state 29


state 12

    (29) expr -> LPAREN . expr RPAREN
    (30) expr -> LPAREN . c_channel RPAREN
    (23) expr -> . c_channel
    (24) expr -> . ID
    (25) expr -> . NUMBER
    (26) expr -> . operacao
    (27) expr -> . BOOLEAN
    (28) expr -> . STRING
    (29) expr -> . LPAREN expr RPAREN
    (30) expr -> . LPAREN c_channel RPAREN
    (41) c_channel -> . CHAN ID : ID , ID
    (31) operacao -> . adicao
    (32) operacao -> . subtracao
    (33) operacao -> . multiplicacao
    (34) operacao -> . divisao
    (35) adicao -> . NUMBER PLUS NUMBER
    (36) adicao -> . ID PLUS ID
    (37) adicao -> . ID PLUS NUMBER
    (38) subtracao -> . NUMBER MINUS NUMBER
    (39) multiplicacao -> . NUMBER TIMES NUMBER
    (40) divisao -> . NUMBER DIVIDE NUMBER

    ID              shift and go to state 32
    NUMBER          shift and go to state 18
    BOOLEAN         shift and go to state 13
    STRING          shift and go to state 20
    LPAREN          shift and go to state 12
    CHAN            shift and go to state 21

    expr                           shift and go to state 30
    c_channel                      shift and go to state 31
    operacao                       shift and go to state 19
    adicao                         shift and go to state 22
    subtracao                      shift and go to state 23
    multiplicacao                  shift and go to state 24
    divisao                        shift and go to state 25

state 13

    (27) expr -> BOOLEAN .

    LESSTHAN        reduce using rule 27 (expr -> BOOLEAN .)
    GREATERTHAN     reduce using rule 27 (expr -> BOOLEAN .)
    NOTEQUAL        reduce using rule 27 (expr -> BOOLEAN .)
    RPAREN          reduce using rule 27 (expr -> BOOLEAN .)
    IF              reduce using rule 27 (expr -> BOOLEAN .)
    WHILE           reduce using rule 27 (expr -> BOOLEAN .)
    ID              reduce using rule 27 (expr -> BOOLEAN .)
    NUMBER          reduce using rule 27 (expr -> BOOLEAN .)
    BOOLEAN         reduce using rule 27 (expr -> BOOLEAN .)
    STRING          reduce using rule 27 (expr -> BOOLEAN .)
    LPAREN          reduce using rule 27 (expr -> BOOLEAN .)
    CHAN            reduce using rule 27 (expr -> BOOLEAN .)
    $end            reduce using rule 27 (expr -> BOOLEAN .)
    RBRACE          reduce using rule 27 (expr -> BOOLEAN .)


state 14

    (17) stmt -> WHILE . LPAREN BOOLEAN RPAREN LBRACE stmt RBRACE
    (18) stmt -> WHILE . LPAREN comparacao RPAREN LBRACE stmt RBRACE

    LPAREN          shift and go to state 33


state 15

    (19) atribuicao -> ID . EQUAL expr
    (24) expr -> ID .
    (36) adicao -> ID . PLUS ID
    (37) adicao -> ID . PLUS NUMBER

    EQUAL           shift and go to state 34
    LESSTHAN        reduce using rule 24 (expr -> ID .)
    GREATERTHAN     reduce using rule 24 (expr -> ID .)
    NOTEQUAL        reduce using rule 24 (expr -> ID .)
    PLUS            shift and go to state 35


state 16

    (20) comparacao -> expr . LESSTHAN expr
    (21) comparacao -> expr . GREATERTHAN expr
    (22) comparacao -> expr . NOTEQUAL expr

    LESSTHAN        shift and go to state 36
    GREATERTHAN     shift and go to state 37
    NOTEQUAL        shift and go to state 38


state 17

    (23) expr -> c_channel .

    LESSTHAN        reduce using rule 23 (expr -> c_channel .)
    GREATERTHAN     reduce using rule 23 (expr -> c_channel .)
    NOTEQUAL        reduce using rule 23 (expr -> c_channel .)
    IF              reduce using rule 23 (expr -> c_channel .)
    WHILE           reduce using rule 23 (expr -> c_channel .)
    ID              reduce using rule 23 (expr -> c_channel .)
    NUMBER          reduce using rule 23 (expr -> c_channel .)
    BOOLEAN         reduce using rule 23 (expr -> c_channel .)
    STRING          reduce using rule 23 (expr -> c_channel .)
    LPAREN          reduce using rule 23 (expr -> c_channel .)
    CHAN            reduce using rule 23 (expr -> c_channel .)
    $end            reduce using rule 23 (expr -> c_channel .)
    RBRACE          reduce using rule 23 (expr -> c_channel .)
    RPAREN          reduce using rule 23 (expr -> c_channel .)


state 18

    (25) expr -> NUMBER .
    (35) adicao -> NUMBER . PLUS NUMBER
    (38) subtracao -> NUMBER . MINUS NUMBER
    (39) multiplicacao -> NUMBER . TIMES NUMBER
    (40) divisao -> NUMBER . DIVIDE NUMBER

    LESSTHAN        reduce using rule 25 (expr -> NUMBER .)
    GREATERTHAN     reduce using rule 25 (expr -> NUMBER .)
    NOTEQUAL        reduce using rule 25 (expr -> NUMBER .)
    RPAREN          reduce using rule 25 (expr -> NUMBER .)
    IF              reduce using rule 25 (expr -> NUMBER .)
    WHILE           reduce using rule 25 (expr -> NUMBER .)
    ID              reduce using rule 25 (expr -> NUMBER .)
    NUMBER          reduce using rule 25 (expr -> NUMBER .)
    BOOLEAN         reduce using rule 25 (expr -> NUMBER .)
    STRING          reduce using rule 25 (expr -> NUMBER .)
    LPAREN          reduce using rule 25 (expr -> NUMBER .)
    CHAN            reduce using rule 25 (expr -> NUMBER .)
    $end            reduce using rule 25 (expr -> NUMBER .)
    RBRACE          reduce using rule 25 (expr -> NUMBER .)
    PLUS            shift and go to state 39
    MINUS           shift and go to state 40
    TIMES           shift and go to state 41
    DIVIDE          shift and go to state 42


state 19

    (26) expr -> operacao .

    LESSTHAN        reduce using rule 26 (expr -> operacao .)
    GREATERTHAN     reduce using rule 26 (expr -> operacao .)
    NOTEQUAL        reduce using rule 26 (expr -> operacao .)
    RPAREN          reduce using rule 26 (expr -> operacao .)
    IF              reduce using rule 26 (expr -> operacao .)
    WHILE           reduce using rule 26 (expr -> operacao .)
    ID              reduce using rule 26 (expr -> operacao .)
    NUMBER          reduce using rule 26 (expr -> operacao .)
    BOOLEAN         reduce using rule 26 (expr -> operacao .)
    STRING          reduce using rule 26 (expr -> operacao .)
    LPAREN          reduce using rule 26 (expr -> operacao .)
    CHAN            reduce using rule 26 (expr -> operacao .)
    $end            reduce using rule 26 (expr -> operacao .)
    RBRACE          reduce using rule 26 (expr -> operacao .)


state 20

    (28) expr -> STRING .

    LESSTHAN        reduce using rule 28 (expr -> STRING .)
    GREATERTHAN     reduce using rule 28 (expr -> STRING .)
    NOTEQUAL        reduce using rule 28 (expr -> STRING .)
    RPAREN          reduce using rule 28 (expr -> STRING .)
    IF              reduce using rule 28 (expr -> STRING .)
    WHILE           reduce using rule 28 (expr -> STRING .)
    ID              reduce using rule 28 (expr -> STRING .)
    NUMBER          reduce using rule 28 (expr -> STRING .)
    BOOLEAN         reduce using rule 28 (expr -> STRING .)
    STRING          reduce using rule 28 (expr -> STRING .)
    LPAREN          reduce using rule 28 (expr -> STRING .)
    CHAN            reduce using rule 28 (expr -> STRING .)
    $end            reduce using rule 28 (expr -> STRING .)
    RBRACE          reduce using rule 28 (expr -> STRING .)


state 21

    (41) c_channel -> CHAN . ID : ID , ID

    ID              shift and go to state 43


state 22

    (31) operacao -> adicao .

    LESSTHAN        reduce using rule 31 (operacao -> adicao .)
    GREATERTHAN     reduce using rule 31 (operacao -> adicao .)
    NOTEQUAL        reduce using rule 31 (operacao -> adicao .)
    RPAREN          reduce using rule 31 (operacao -> adicao .)
    IF              reduce using rule 31 (operacao -> adicao .)
    WHILE           reduce using rule 31 (operacao -> adicao .)
    ID              reduce using rule 31 (operacao -> adicao .)
    NUMBER          reduce using rule 31 (operacao -> adicao .)
    BOOLEAN         reduce using rule 31 (operacao -> adicao .)
    STRING          reduce using rule 31 (operacao -> adicao .)
    LPAREN          reduce using rule 31 (operacao -> adicao .)
    CHAN            reduce using rule 31 (operacao -> adicao .)
    $end            reduce using rule 31 (operacao -> adicao .)
    RBRACE          reduce using rule 31 (operacao -> adicao .)


state 23

    (32) operacao -> subtracao .

    LESSTHAN        reduce using rule 32 (operacao -> subtracao .)
    GREATERTHAN     reduce using rule 32 (operacao -> subtracao .)
    NOTEQUAL        reduce using rule 32 (operacao -> subtracao .)
    RPAREN          reduce using rule 32 (operacao -> subtracao .)
    IF              reduce using rule 32 (operacao -> subtracao .)
    WHILE           reduce using rule 32 (operacao -> subtracao .)
    ID              reduce using rule 32 (operacao -> subtracao .)
    NUMBER          reduce using rule 32 (operacao -> subtracao .)
    BOOLEAN         reduce using rule 32 (operacao -> subtracao .)
    STRING          reduce using rule 32 (operacao -> subtracao .)
    LPAREN          reduce using rule 32 (operacao -> subtracao .)
    CHAN            reduce using rule 32 (operacao -> subtracao .)
    $end            reduce using rule 32 (operacao -> subtracao .)
    RBRACE          reduce using rule 32 (operacao -> subtracao .)


state 24

    (33) operacao -> multiplicacao .

    LESSTHAN        reduce using rule 33 (operacao -> multiplicacao .)
    GREATERTHAN     reduce using rule 33 (operacao -> multiplicacao .)
    NOTEQUAL        reduce using rule 33 (operacao -> multiplicacao .)
    RPAREN          reduce using rule 33 (operacao -> multiplicacao .)
    IF              reduce using rule 33 (operacao -> multiplicacao .)
    WHILE           reduce using rule 33 (operacao -> multiplicacao .)
    ID              reduce using rule 33 (operacao -> multiplicacao .)
    NUMBER          reduce using rule 33 (operacao -> multiplicacao .)
    BOOLEAN         reduce using rule 33 (operacao -> multiplicacao .)
    STRING          reduce using rule 33 (operacao -> multiplicacao .)
    LPAREN          reduce using rule 33 (operacao -> multiplicacao .)
    CHAN            reduce using rule 33 (operacao -> multiplicacao .)
    $end            reduce using rule 33 (operacao -> multiplicacao .)
    RBRACE          reduce using rule 33 (operacao -> multiplicacao .)


state 25

    (34) operacao -> divisao .

    LESSTHAN        reduce using rule 34 (operacao -> divisao .)
    GREATERTHAN     reduce using rule 34 (operacao -> divisao .)
    NOTEQUAL        reduce using rule 34 (operacao -> divisao .)
    RPAREN          reduce using rule 34 (operacao -> divisao .)
    IF              reduce using rule 34 (operacao -> divisao .)
    WHILE           reduce using rule 34 (operacao -> divisao .)
    ID              reduce using rule 34 (operacao -> divisao .)
    NUMBER          reduce using rule 34 (operacao -> divisao .)
    BOOLEAN         reduce using rule 34 (operacao -> divisao .)
    STRING          reduce using rule 34 (operacao -> divisao .)
    LPAREN          reduce using rule 34 (operacao -> divisao .)
    CHAN            reduce using rule 34 (operacao -> divisao .)
    $end            reduce using rule 34 (operacao -> divisao .)
    RBRACE          reduce using rule 34 (operacao -> divisao .)


state 26

    (8) stmts -> stmts stmt .

    IF              reduce using rule 8 (stmts -> stmts stmt .)
    WHILE           reduce using rule 8 (stmts -> stmts stmt .)
    ID              reduce using rule 8 (stmts -> stmts stmt .)
    NUMBER          reduce using rule 8 (stmts -> stmts stmt .)
    BOOLEAN         reduce using rule 8 (stmts -> stmts stmt .)
    STRING          reduce using rule 8 (stmts -> stmts stmt .)
    LPAREN          reduce using rule 8 (stmts -> stmts stmt .)
    CHAN            reduce using rule 8 (stmts -> stmts stmt .)
    $end            reduce using rule 8 (stmts -> stmts stmt .)


state 27

    (5) bloco_SEQ -> SEQ stmts .
    (8) stmts -> stmts . stmt
    (9) stmt -> . atribuicao
    (10) stmt -> . comparacao
    (11) stmt -> . IF LPAREN BOOLEAN RPAREN LBRACE stmt RBRACE
    (12) stmt -> . IF LPAREN comparacao RPAREN LBRACE stmt RBRACE
    (13) stmt -> . IF LPAREN BOOLEAN RPAREN LBRACE single_stmt RBRACE ELSE LBRACE single_stmt RBRACE
    (14) stmt -> . IF LPAREN comparacao RPAREN LBRACE single_stmt RBRACE ELSE LBRACE single_stmt RBRACE
    (17) stmt -> . WHILE LPAREN BOOLEAN RPAREN LBRACE stmt RBRACE
    (18) stmt -> . WHILE LPAREN comparacao RPAREN LBRACE stmt RBRACE
    (19) atribuicao -> . ID EQUAL expr
    (20) comparacao -> . expr LESSTHAN expr
    (21) comparacao -> . expr GREATERTHAN expr
    (22) comparacao -> . expr NOTEQUAL expr
    (23) expr -> . c_channel
    (24) expr -> . ID
    (25) expr -> . NUMBER
    (26) expr -> . operacao
    (27) expr -> . BOOLEAN
    (28) expr -> . STRING
    (29) expr -> . LPAREN expr RPAREN
    (30) expr -> . LPAREN c_channel RPAREN
    (41) c_channel -> . CHAN ID : ID , ID
    (31) operacao -> . adicao
    (32) operacao -> . subtracao
    (33) operacao -> . multiplicacao
    (34) operacao -> . divisao
    (35) adicao -> . NUMBER PLUS NUMBER
    (36) adicao -> . ID PLUS ID
    (37) adicao -> . ID PLUS NUMBER
    (38) subtracao -> . NUMBER MINUS NUMBER
    (39) multiplicacao -> . NUMBER TIMES NUMBER
    (40) divisao -> . NUMBER DIVIDE NUMBER

    $end            reduce using rule 5 (bloco_SEQ -> SEQ stmts .)
    IF              shift and go to state 11
    WHILE           shift and go to state 14
    ID              shift and go to state 15
    NUMBER          shift and go to state 18
    BOOLEAN         shift and go to state 13
    STRING          shift and go to state 20
    LPAREN          shift and go to state 12
    CHAN            shift and go to state 21

    stmt                           shift and go to state 26
    atribuicao                     shift and go to state 9
    comparacao                     shift and go to state 10
    expr                           shift and go to state 16
    c_channel                      shift and go to state 17
    operacao                       shift and go to state 19
    adicao                         shift and go to state 22
    subtracao                      shift and go to state 23
    multiplicacao                  shift and go to state 24
    divisao                        shift and go to state 25

state 28

    (6) bloco_PAR -> PAR stmts .
    (8) stmts -> stmts . stmt
    (9) stmt -> . atribuicao
    (10) stmt -> . comparacao
    (11) stmt -> . IF LPAREN BOOLEAN RPAREN LBRACE stmt RBRACE
    (12) stmt -> . IF LPAREN comparacao RPAREN LBRACE stmt RBRACE
    (13) stmt -> . IF LPAREN BOOLEAN RPAREN LBRACE single_stmt RBRACE ELSE LBRACE single_stmt RBRACE
    (14) stmt -> . IF LPAREN comparacao RPAREN LBRACE single_stmt RBRACE ELSE LBRACE single_stmt RBRACE
    (17) stmt -> . WHILE LPAREN BOOLEAN RPAREN LBRACE stmt RBRACE
    (18) stmt -> . WHILE LPAREN comparacao RPAREN LBRACE stmt RBRACE
    (19) atribuicao -> . ID EQUAL expr
    (20) comparacao -> . expr LESSTHAN expr
    (21) comparacao -> . expr GREATERTHAN expr
    (22) comparacao -> . expr NOTEQUAL expr
    (23) expr -> . c_channel
    (24) expr -> . ID
    (25) expr -> . NUMBER
    (26) expr -> . operacao
    (27) expr -> . BOOLEAN
    (28) expr -> . STRING
    (29) expr -> . LPAREN expr RPAREN
    (30) expr -> . LPAREN c_channel RPAREN
    (41) c_channel -> . CHAN ID : ID , ID
    (31) operacao -> . adicao
    (32) operacao -> . subtracao
    (33) operacao -> . multiplicacao
    (34) operacao -> . divisao
    (35) adicao -> . NUMBER PLUS NUMBER
    (36) adicao -> . ID PLUS ID
    (37) adicao -> . ID PLUS NUMBER
    (38) subtracao -> . NUMBER MINUS NUMBER
    (39) multiplicacao -> . NUMBER TIMES NUMBER
    (40) divisao -> . NUMBER DIVIDE NUMBER

    $end            reduce using rule 6 (bloco_PAR -> PAR stmts .)
    IF              shift and go to state 11
    WHILE           shift and go to state 14
    ID              shift and go to state 15
    NUMBER          shift and go to state 18
    BOOLEAN         shift and go to state 13
    STRING          shift and go to state 20
    LPAREN          shift and go to state 12
    CHAN            shift and go to state 21

    stmt                           shift and go to state 26
    atribuicao                     shift and go to state 9
    comparacao                     shift and go to state 10
    expr                           shift and go to state 16
    c_channel                      shift and go to state 17
    operacao                       shift and go to state 19
    adicao                         shift and go to state 22
    subtracao                      shift and go to state 23
    multiplicacao                  shift and go to state 24
    divisao                        shift and go to state 25

state 29

    (11) stmt -> IF LPAREN . BOOLEAN RPAREN LBRACE stmt RBRACE
    (12) stmt -> IF LPAREN . comparacao RPAREN LBRACE stmt RBRACE
    (13) stmt -> IF LPAREN . BOOLEAN RPAREN LBRACE single_stmt RBRACE ELSE LBRACE single_stmt RBRACE
    (14) stmt -> IF LPAREN . comparacao RPAREN LBRACE single_stmt RBRACE ELSE LBRACE single_stmt RBRACE
    (20) comparacao -> . expr LESSTHAN expr
    (21) comparacao -> . expr GREATERTHAN expr
    (22) comparacao -> . expr NOTEQUAL expr
    (23) expr -> . c_channel
    (24) expr -> . ID
    (25) expr -> . NUMBER
    (26) expr -> . operacao
    (27) expr -> . BOOLEAN
    (28) expr -> . STRING
    (29) expr -> . LPAREN expr RPAREN
    (30) expr -> . LPAREN c_channel RPAREN
    (41) c_channel -> . CHAN ID : ID , ID
    (31) operacao -> . adicao
    (32) operacao -> . subtracao
    (33) operacao -> . multiplicacao
    (34) operacao -> . divisao
    (35) adicao -> . NUMBER PLUS NUMBER
    (36) adicao -> . ID PLUS ID
    (37) adicao -> . ID PLUS NUMBER
    (38) subtracao -> . NUMBER MINUS NUMBER
    (39) multiplicacao -> . NUMBER TIMES NUMBER
    (40) divisao -> . NUMBER DIVIDE NUMBER

    BOOLEAN         shift and go to state 44
    ID              shift and go to state 32
    NUMBER          shift and go to state 18
    STRING          shift and go to state 20
    LPAREN          shift and go to state 12
    CHAN            shift and go to state 21

    comparacao                     shift and go to state 45
    expr                           shift and go to state 16
    c_channel                      shift and go to state 17
    operacao                       shift and go to state 19
    adicao                         shift and go to state 22
    subtracao                      shift and go to state 23
    multiplicacao                  shift and go to state 24
    divisao                        shift and go to state 25

state 30

    (29) expr -> LPAREN expr . RPAREN

    RPAREN          shift and go to state 46


state 31

    (30) expr -> LPAREN c_channel . RPAREN
    (23) expr -> c_channel .

  ! shift/reduce conflict for RPAREN resolved as shift
    RPAREN          shift and go to state 47

  ! RPAREN          [ reduce using rule 23 (expr -> c_channel .) ]


state 32

    (24) expr -> ID .
    (36) adicao -> ID . PLUS ID
    (37) adicao -> ID . PLUS NUMBER

    RPAREN          reduce using rule 24 (expr -> ID .)
    LESSTHAN        reduce using rule 24 (expr -> ID .)
    GREATERTHAN     reduce using rule 24 (expr -> ID .)
    NOTEQUAL        reduce using rule 24 (expr -> ID .)
    IF              reduce using rule 24 (expr -> ID .)
    WHILE           reduce using rule 24 (expr -> ID .)
    ID              reduce using rule 24 (expr -> ID .)
    NUMBER          reduce using rule 24 (expr -> ID .)
    BOOLEAN         reduce using rule 24 (expr -> ID .)
    STRING          reduce using rule 24 (expr -> ID .)
    LPAREN          reduce using rule 24 (expr -> ID .)
    CHAN            reduce using rule 24 (expr -> ID .)
    $end            reduce using rule 24 (expr -> ID .)
    RBRACE          reduce using rule 24 (expr -> ID .)
    PLUS            shift and go to state 35


state 33

    (17) stmt -> WHILE LPAREN . BOOLEAN RPAREN LBRACE stmt RBRACE
    (18) stmt -> WHILE LPAREN . comparacao RPAREN LBRACE stmt RBRACE
    (20) comparacao -> . expr LESSTHAN expr
    (21) comparacao -> . expr GREATERTHAN expr
    (22) comparacao -> . expr NOTEQUAL expr
    (23) expr -> . c_channel
    (24) expr -> . ID
    (25) expr -> . NUMBER
    (26) expr -> . operacao
    (27) expr -> . BOOLEAN
    (28) expr -> . STRING
    (29) expr -> . LPAREN expr RPAREN
    (30) expr -> . LPAREN c_channel RPAREN
    (41) c_channel -> . CHAN ID : ID , ID
    (31) operacao -> . adicao
    (32) operacao -> . subtracao
    (33) operacao -> . multiplicacao
    (34) operacao -> . divisao
    (35) adicao -> . NUMBER PLUS NUMBER
    (36) adicao -> . ID PLUS ID
    (37) adicao -> . ID PLUS NUMBER
    (38) subtracao -> . NUMBER MINUS NUMBER
    (39) multiplicacao -> . NUMBER TIMES NUMBER
    (40) divisao -> . NUMBER DIVIDE NUMBER

    BOOLEAN         shift and go to state 48
    ID              shift and go to state 32
    NUMBER          shift and go to state 18
    STRING          shift and go to state 20
    LPAREN          shift and go to state 12
    CHAN            shift and go to state 21

    comparacao                     shift and go to state 49
    expr                           shift and go to state 16
    c_channel                      shift and go to state 17
    operacao                       shift and go to state 19
    adicao                         shift and go to state 22
    subtracao                      shift and go to state 23
    multiplicacao                  shift and go to state 24
    divisao                        shift and go to state 25

state 34

    (19) atribuicao -> ID EQUAL . expr
    (23) expr -> . c_channel
    (24) expr -> . ID
    (25) expr -> . NUMBER
    (26) expr -> . operacao
    (27) expr -> . BOOLEAN
    (28) expr -> . STRING
    (29) expr -> . LPAREN expr RPAREN
    (30) expr -> . LPAREN c_channel RPAREN
    (41) c_channel -> . CHAN ID : ID , ID
    (31) operacao -> . adicao
    (32) operacao -> . subtracao
    (33) operacao -> . multiplicacao
    (34) operacao -> . divisao
    (35) adicao -> . NUMBER PLUS NUMBER
    (36) adicao -> . ID PLUS ID
    (37) adicao -> . ID PLUS NUMBER
    (38) subtracao -> . NUMBER MINUS NUMBER
    (39) multiplicacao -> . NUMBER TIMES NUMBER
    (40) divisao -> . NUMBER DIVIDE NUMBER

    ID              shift and go to state 32
    NUMBER          shift and go to state 18
    BOOLEAN         shift and go to state 13
    STRING          shift and go to state 20
    LPAREN          shift and go to state 12
    CHAN            shift and go to state 21

    expr                           shift and go to state 50
    c_channel                      shift and go to state 17
    operacao                       shift and go to state 19
    adicao                         shift and go to state 22
    subtracao                      shift and go to state 23
    multiplicacao                  shift and go to state 24
    divisao                        shift and go to state 25

state 35

    (36) adicao -> ID PLUS . ID
    (37) adicao -> ID PLUS . NUMBER

    ID              shift and go to state 51
    NUMBER          shift and go to state 52


state 36

    (20) comparacao -> expr LESSTHAN . expr
    (23) expr -> . c_channel
    (24) expr -> . ID
    (25) expr -> . NUMBER
    (26) expr -> . operacao
    (27) expr -> . BOOLEAN
    (28) expr -> . STRING
    (29) expr -> . LPAREN expr RPAREN
    (30) expr -> . LPAREN c_channel RPAREN
    (41) c_channel -> . CHAN ID : ID , ID
    (31) operacao -> . adicao
    (32) operacao -> . subtracao
    (33) operacao -> . multiplicacao
    (34) operacao -> . divisao
    (35) adicao -> . NUMBER PLUS NUMBER
    (36) adicao -> . ID PLUS ID
    (37) adicao -> . ID PLUS NUMBER
    (38) subtracao -> . NUMBER MINUS NUMBER
    (39) multiplicacao -> . NUMBER TIMES NUMBER
    (40) divisao -> . NUMBER DIVIDE NUMBER

    ID              shift and go to state 32
    NUMBER          shift and go to state 18
    BOOLEAN         shift and go to state 13
    STRING          shift and go to state 20
    LPAREN          shift and go to state 12
    CHAN            shift and go to state 21

    expr                           shift and go to state 53
    c_channel                      shift and go to state 17
    operacao                       shift and go to state 19
    adicao                         shift and go to state 22
    subtracao                      shift and go to state 23
    multiplicacao                  shift and go to state 24
    divisao                        shift and go to state 25

state 37

    (21) comparacao -> expr GREATERTHAN . expr
    (23) expr -> . c_channel
    (24) expr -> . ID
    (25) expr -> . NUMBER
    (26) expr -> . operacao
    (27) expr -> . BOOLEAN
    (28) expr -> . STRING
    (29) expr -> . LPAREN expr RPAREN
    (30) expr -> . LPAREN c_channel RPAREN
    (41) c_channel -> . CHAN ID : ID , ID
    (31) operacao -> . adicao
    (32) operacao -> . subtracao
    (33) operacao -> . multiplicacao
    (34) operacao -> . divisao
    (35) adicao -> . NUMBER PLUS NUMBER
    (36) adicao -> . ID PLUS ID
    (37) adicao -> . ID PLUS NUMBER
    (38) subtracao -> . NUMBER MINUS NUMBER
    (39) multiplicacao -> . NUMBER TIMES NUMBER
    (40) divisao -> . NUMBER DIVIDE NUMBER

    ID              shift and go to state 32
    NUMBER          shift and go to state 18
    BOOLEAN         shift and go to state 13
    STRING          shift and go to state 20
    LPAREN          shift and go to state 12
    CHAN            shift and go to state 21

    expr                           shift and go to state 54
    c_channel                      shift and go to state 17
    operacao                       shift and go to state 19
    adicao                         shift and go to state 22
    subtracao                      shift and go to state 23
    multiplicacao                  shift and go to state 24
    divisao                        shift and go to state 25

state 38

    (22) comparacao -> expr NOTEQUAL . expr
    (23) expr -> . c_channel
    (24) expr -> . ID
    (25) expr -> . NUMBER
    (26) expr -> . operacao
    (27) expr -> . BOOLEAN
    (28) expr -> . STRING
    (29) expr -> . LPAREN expr RPAREN
    (30) expr -> . LPAREN c_channel RPAREN
    (41) c_channel -> . CHAN ID : ID , ID
    (31) operacao -> . adicao
    (32) operacao -> . subtracao
    (33) operacao -> . multiplicacao
    (34) operacao -> . divisao
    (35) adicao -> . NUMBER PLUS NUMBER
    (36) adicao -> . ID PLUS ID
    (37) adicao -> . ID PLUS NUMBER
    (38) subtracao -> . NUMBER MINUS NUMBER
    (39) multiplicacao -> . NUMBER TIMES NUMBER
    (40) divisao -> . NUMBER DIVIDE NUMBER

    ID              shift and go to state 32
    NUMBER          shift and go to state 18
    BOOLEAN         shift and go to state 13
    STRING          shift and go to state 20
    LPAREN          shift and go to state 12
    CHAN            shift and go to state 21

    expr                           shift and go to state 55
    c_channel                      shift and go to state 17
    operacao                       shift and go to state 19
    adicao                         shift and go to state 22
    subtracao                      shift and go to state 23
    multiplicacao                  shift and go to state 24
    divisao                        shift and go to state 25

state 39

    (35) adicao -> NUMBER PLUS . NUMBER

    NUMBER          shift and go to state 56


state 40

    (38) subtracao -> NUMBER MINUS . NUMBER

    NUMBER          shift and go to state 57


state 41

    (39) multiplicacao -> NUMBER TIMES . NUMBER

    NUMBER          shift and go to state 58


state 42

    (40) divisao -> NUMBER DIVIDE . NUMBER

    NUMBER          shift and go to state 59


state 43

    (41) c_channel -> CHAN ID . : ID , ID

    :               shift and go to state 60


state 44

    (11) stmt -> IF LPAREN BOOLEAN . RPAREN LBRACE stmt RBRACE
    (13) stmt -> IF LPAREN BOOLEAN . RPAREN LBRACE single_stmt RBRACE ELSE LBRACE single_stmt RBRACE
    (27) expr -> BOOLEAN .

    RPAREN          shift and go to state 61
    LESSTHAN        reduce using rule 27 (expr -> BOOLEAN .)
    GREATERTHAN     reduce using rule 27 (expr -> BOOLEAN .)
    NOTEQUAL        reduce using rule 27 (expr -> BOOLEAN .)


state 45

    (12) stmt -> IF LPAREN comparacao . RPAREN LBRACE stmt RBRACE
    (14) stmt -> IF LPAREN comparacao . RPAREN LBRACE single_stmt RBRACE ELSE LBRACE single_stmt RBRACE

    RPAREN          shift and go to state 62


state 46

    (29) expr -> LPAREN expr RPAREN .

    LESSTHAN        reduce using rule 29 (expr -> LPAREN expr RPAREN .)
    GREATERTHAN     reduce using rule 29 (expr -> LPAREN expr RPAREN .)
    NOTEQUAL        reduce using rule 29 (expr -> LPAREN expr RPAREN .)
    RPAREN          reduce using rule 29 (expr -> LPAREN expr RPAREN .)
    IF              reduce using rule 29 (expr -> LPAREN expr RPAREN .)
    WHILE           reduce using rule 29 (expr -> LPAREN expr RPAREN .)
    ID              reduce using rule 29 (expr -> LPAREN expr RPAREN .)
    NUMBER          reduce using rule 29 (expr -> LPAREN expr RPAREN .)
    BOOLEAN         reduce using rule 29 (expr -> LPAREN expr RPAREN .)
    STRING          reduce using rule 29 (expr -> LPAREN expr RPAREN .)
    LPAREN          reduce using rule 29 (expr -> LPAREN expr RPAREN .)
    CHAN            reduce using rule 29 (expr -> LPAREN expr RPAREN .)
    $end            reduce using rule 29 (expr -> LPAREN expr RPAREN .)
    RBRACE          reduce using rule 29 (expr -> LPAREN expr RPAREN .)


state 47

    (30) expr -> LPAREN c_channel RPAREN .

    LESSTHAN        reduce using rule 30 (expr -> LPAREN c_channel RPAREN .)
    GREATERTHAN     reduce using rule 30 (expr -> LPAREN c_channel RPAREN .)
    NOTEQUAL        reduce using rule 30 (expr -> LPAREN c_channel RPAREN .)
    RPAREN          reduce using rule 30 (expr -> LPAREN c_channel RPAREN .)
    IF              reduce using rule 30 (expr -> LPAREN c_channel RPAREN .)
    WHILE           reduce using rule 30 (expr -> LPAREN c_channel RPAREN .)
    ID              reduce using rule 30 (expr -> LPAREN c_channel RPAREN .)
    NUMBER          reduce using rule 30 (expr -> LPAREN c_channel RPAREN .)
    BOOLEAN         reduce using rule 30 (expr -> LPAREN c_channel RPAREN .)
    STRING          reduce using rule 30 (expr -> LPAREN c_channel RPAREN .)
    LPAREN          reduce using rule 30 (expr -> LPAREN c_channel RPAREN .)
    CHAN            reduce using rule 30 (expr -> LPAREN c_channel RPAREN .)
    $end            reduce using rule 30 (expr -> LPAREN c_channel RPAREN .)
    RBRACE          reduce using rule 30 (expr -> LPAREN c_channel RPAREN .)


state 48

    (17) stmt -> WHILE LPAREN BOOLEAN . RPAREN LBRACE stmt RBRACE
    (27) expr -> BOOLEAN .

    RPAREN          shift and go to state 63
    LESSTHAN        reduce using rule 27 (expr -> BOOLEAN .)
    GREATERTHAN     reduce using rule 27 (expr -> BOOLEAN .)
    NOTEQUAL        reduce using rule 27 (expr -> BOOLEAN .)


state 49

    (18) stmt -> WHILE LPAREN comparacao . RPAREN LBRACE stmt RBRACE

    RPAREN          shift and go to state 64


state 50

    (19) atribuicao -> ID EQUAL expr .

    IF              reduce using rule 19 (atribuicao -> ID EQUAL expr .)
    WHILE           reduce using rule 19 (atribuicao -> ID EQUAL expr .)
    ID              reduce using rule 19 (atribuicao -> ID EQUAL expr .)
    NUMBER          reduce using rule 19 (atribuicao -> ID EQUAL expr .)
    BOOLEAN         reduce using rule 19 (atribuicao -> ID EQUAL expr .)
    STRING          reduce using rule 19 (atribuicao -> ID EQUAL expr .)
    LPAREN          reduce using rule 19 (atribuicao -> ID EQUAL expr .)
    CHAN            reduce using rule 19 (atribuicao -> ID EQUAL expr .)
    $end            reduce using rule 19 (atribuicao -> ID EQUAL expr .)
    RBRACE          reduce using rule 19 (atribuicao -> ID EQUAL expr .)


state 51

    (36) adicao -> ID PLUS ID .

    LESSTHAN        reduce using rule 36 (adicao -> ID PLUS ID .)
    GREATERTHAN     reduce using rule 36 (adicao -> ID PLUS ID .)
    NOTEQUAL        reduce using rule 36 (adicao -> ID PLUS ID .)
    RPAREN          reduce using rule 36 (adicao -> ID PLUS ID .)
    IF              reduce using rule 36 (adicao -> ID PLUS ID .)
    WHILE           reduce using rule 36 (adicao -> ID PLUS ID .)
    ID              reduce using rule 36 (adicao -> ID PLUS ID .)
    NUMBER          reduce using rule 36 (adicao -> ID PLUS ID .)
    BOOLEAN         reduce using rule 36 (adicao -> ID PLUS ID .)
    STRING          reduce using rule 36 (adicao -> ID PLUS ID .)
    LPAREN          reduce using rule 36 (adicao -> ID PLUS ID .)
    CHAN            reduce using rule 36 (adicao -> ID PLUS ID .)
    $end            reduce using rule 36 (adicao -> ID PLUS ID .)
    RBRACE          reduce using rule 36 (adicao -> ID PLUS ID .)


state 52

    (37) adicao -> ID PLUS NUMBER .

    LESSTHAN        reduce using rule 37 (adicao -> ID PLUS NUMBER .)
    GREATERTHAN     reduce using rule 37 (adicao -> ID PLUS NUMBER .)
    NOTEQUAL        reduce using rule 37 (adicao -> ID PLUS NUMBER .)
    RPAREN          reduce using rule 37 (adicao -> ID PLUS NUMBER .)
    IF              reduce using rule 37 (adicao -> ID PLUS NUMBER .)
    WHILE           reduce using rule 37 (adicao -> ID PLUS NUMBER .)
    ID              reduce using rule 37 (adicao -> ID PLUS NUMBER .)
    NUMBER          reduce using rule 37 (adicao -> ID PLUS NUMBER .)
    BOOLEAN         reduce using rule 37 (adicao -> ID PLUS NUMBER .)
    STRING          reduce using rule 37 (adicao -> ID PLUS NUMBER .)
    LPAREN          reduce using rule 37 (adicao -> ID PLUS NUMBER .)
    CHAN            reduce using rule 37 (adicao -> ID PLUS NUMBER .)
    $end            reduce using rule 37 (adicao -> ID PLUS NUMBER .)
    RBRACE          reduce using rule 37 (adicao -> ID PLUS NUMBER .)


state 53

    (20) comparacao -> expr LESSTHAN expr .

    IF              reduce using rule 20 (comparacao -> expr LESSTHAN expr .)
    WHILE           reduce using rule 20 (comparacao -> expr LESSTHAN expr .)
    ID              reduce using rule 20 (comparacao -> expr LESSTHAN expr .)
    NUMBER          reduce using rule 20 (comparacao -> expr LESSTHAN expr .)
    BOOLEAN         reduce using rule 20 (comparacao -> expr LESSTHAN expr .)
    STRING          reduce using rule 20 (comparacao -> expr LESSTHAN expr .)
    LPAREN          reduce using rule 20 (comparacao -> expr LESSTHAN expr .)
    CHAN            reduce using rule 20 (comparacao -> expr LESSTHAN expr .)
    $end            reduce using rule 20 (comparacao -> expr LESSTHAN expr .)
    RPAREN          reduce using rule 20 (comparacao -> expr LESSTHAN expr .)
    RBRACE          reduce using rule 20 (comparacao -> expr LESSTHAN expr .)


state 54

    (21) comparacao -> expr GREATERTHAN expr .

    IF              reduce using rule 21 (comparacao -> expr GREATERTHAN expr .)
    WHILE           reduce using rule 21 (comparacao -> expr GREATERTHAN expr .)
    ID              reduce using rule 21 (comparacao -> expr GREATERTHAN expr .)
    NUMBER          reduce using rule 21 (comparacao -> expr GREATERTHAN expr .)
    BOOLEAN         reduce using rule 21 (comparacao -> expr GREATERTHAN expr .)
    STRING          reduce using rule 21 (comparacao -> expr GREATERTHAN expr .)
    LPAREN          reduce using rule 21 (comparacao -> expr GREATERTHAN expr .)
    CHAN            reduce using rule 21 (comparacao -> expr GREATERTHAN expr .)
    $end            reduce using rule 21 (comparacao -> expr GREATERTHAN expr .)
    RPAREN          reduce using rule 21 (comparacao -> expr GREATERTHAN expr .)
    RBRACE          reduce using rule 21 (comparacao -> expr GREATERTHAN expr .)


state 55

    (22) comparacao -> expr NOTEQUAL expr .

    IF              reduce using rule 22 (comparacao -> expr NOTEQUAL expr .)
    WHILE           reduce using rule 22 (comparacao -> expr NOTEQUAL expr .)
    ID              reduce using rule 22 (comparacao -> expr NOTEQUAL expr .)
    NUMBER          reduce using rule 22 (comparacao -> expr NOTEQUAL expr .)
    BOOLEAN         reduce using rule 22 (comparacao -> expr NOTEQUAL expr .)
    STRING          reduce using rule 22 (comparacao -> expr NOTEQUAL expr .)
    LPAREN          reduce using rule 22 (comparacao -> expr NOTEQUAL expr .)
    CHAN            reduce using rule 22 (comparacao -> expr NOTEQUAL expr .)
    $end            reduce using rule 22 (comparacao -> expr NOTEQUAL expr .)
    RPAREN          reduce using rule 22 (comparacao -> expr NOTEQUAL expr .)
    RBRACE          reduce using rule 22 (comparacao -> expr NOTEQUAL expr .)


state 56

    (35) adicao -> NUMBER PLUS NUMBER .

    LESSTHAN        reduce using rule 35 (adicao -> NUMBER PLUS NUMBER .)
    GREATERTHAN     reduce using rule 35 (adicao -> NUMBER PLUS NUMBER .)
    NOTEQUAL        reduce using rule 35 (adicao -> NUMBER PLUS NUMBER .)
    RPAREN          reduce using rule 35 (adicao -> NUMBER PLUS NUMBER .)
    IF              reduce using rule 35 (adicao -> NUMBER PLUS NUMBER .)
    WHILE           reduce using rule 35 (adicao -> NUMBER PLUS NUMBER .)
    ID              reduce using rule 35 (adicao -> NUMBER PLUS NUMBER .)
    NUMBER          reduce using rule 35 (adicao -> NUMBER PLUS NUMBER .)
    BOOLEAN         reduce using rule 35 (adicao -> NUMBER PLUS NUMBER .)
    STRING          reduce using rule 35 (adicao -> NUMBER PLUS NUMBER .)
    LPAREN          reduce using rule 35 (adicao -> NUMBER PLUS NUMBER .)
    CHAN            reduce using rule 35 (adicao -> NUMBER PLUS NUMBER .)
    $end            reduce using rule 35 (adicao -> NUMBER PLUS NUMBER .)
    RBRACE          reduce using rule 35 (adicao -> NUMBER PLUS NUMBER .)


state 57

    (38) subtracao -> NUMBER MINUS NUMBER .

    LESSTHAN        reduce using rule 38 (subtracao -> NUMBER MINUS NUMBER .)
    GREATERTHAN     reduce using rule 38 (subtracao -> NUMBER MINUS NUMBER .)
    NOTEQUAL        reduce using rule 38 (subtracao -> NUMBER MINUS NUMBER .)
    RPAREN          reduce using rule 38 (subtracao -> NUMBER MINUS NUMBER .)
    IF              reduce using rule 38 (subtracao -> NUMBER MINUS NUMBER .)
    WHILE           reduce using rule 38 (subtracao -> NUMBER MINUS NUMBER .)
    ID              reduce using rule 38 (subtracao -> NUMBER MINUS NUMBER .)
    NUMBER          reduce using rule 38 (subtracao -> NUMBER MINUS NUMBER .)
    BOOLEAN         reduce using rule 38 (subtracao -> NUMBER MINUS NUMBER .)
    STRING          reduce using rule 38 (subtracao -> NUMBER MINUS NUMBER .)
    LPAREN          reduce using rule 38 (subtracao -> NUMBER MINUS NUMBER .)
    CHAN            reduce using rule 38 (subtracao -> NUMBER MINUS NUMBER .)
    $end            reduce using rule 38 (subtracao -> NUMBER MINUS NUMBER .)
    RBRACE          reduce using rule 38 (subtracao -> NUMBER MINUS NUMBER .)


state 58

    (39) multiplicacao -> NUMBER TIMES NUMBER .

    LESSTHAN        reduce using rule 39 (multiplicacao -> NUMBER TIMES NUMBER .)
    GREATERTHAN     reduce using rule 39 (multiplicacao -> NUMBER TIMES NUMBER .)
    NOTEQUAL        reduce using rule 39 (multiplicacao -> NUMBER TIMES NUMBER .)
    RPAREN          reduce using rule 39 (multiplicacao -> NUMBER TIMES NUMBER .)
    IF              reduce using rule 39 (multiplicacao -> NUMBER TIMES NUMBER .)
    WHILE           reduce using rule 39 (multiplicacao -> NUMBER TIMES NUMBER .)
    ID              reduce using rule 39 (multiplicacao -> NUMBER TIMES NUMBER .)
    NUMBER          reduce using rule 39 (multiplicacao -> NUMBER TIMES NUMBER .)
    BOOLEAN         reduce using rule 39 (multiplicacao -> NUMBER TIMES NUMBER .)
    STRING          reduce using rule 39 (multiplicacao -> NUMBER TIMES NUMBER .)
    LPAREN          reduce using rule 39 (multiplicacao -> NUMBER TIMES NUMBER .)
    CHAN            reduce using rule 39 (multiplicacao -> NUMBER TIMES NUMBER .)
    $end            reduce using rule 39 (multiplicacao -> NUMBER TIMES NUMBER .)
    RBRACE          reduce using rule 39 (multiplicacao -> NUMBER TIMES NUMBER .)


state 59

    (40) divisao -> NUMBER DIVIDE NUMBER .

    LESSTHAN        reduce using rule 40 (divisao -> NUMBER DIVIDE NUMBER .)
    GREATERTHAN     reduce using rule 40 (divisao -> NUMBER DIVIDE NUMBER .)
    NOTEQUAL        reduce using rule 40 (divisao -> NUMBER DIVIDE NUMBER .)
    RPAREN          reduce using rule 40 (divisao -> NUMBER DIVIDE NUMBER .)
    IF              reduce using rule 40 (divisao -> NUMBER DIVIDE NUMBER .)
    WHILE           reduce using rule 40 (divisao -> NUMBER DIVIDE NUMBER .)
    ID              reduce using rule 40 (divisao -> NUMBER DIVIDE NUMBER .)
    NUMBER          reduce using rule 40 (divisao -> NUMBER DIVIDE NUMBER .)
    BOOLEAN         reduce using rule 40 (divisao -> NUMBER DIVIDE NUMBER .)
    STRING          reduce using rule 40 (divisao -> NUMBER DIVIDE NUMBER .)
    LPAREN          reduce using rule 40 (divisao -> NUMBER DIVIDE NUMBER .)
    CHAN            reduce using rule 40 (divisao -> NUMBER DIVIDE NUMBER .)
    $end            reduce using rule 40 (divisao -> NUMBER DIVIDE NUMBER .)
    RBRACE          reduce using rule 40 (divisao -> NUMBER DIVIDE NUMBER .)


state 60

    (41) c_channel -> CHAN ID : . ID , ID

    ID              shift and go to state 65


state 61

    (11) stmt -> IF LPAREN BOOLEAN RPAREN . LBRACE stmt RBRACE
    (13) stmt -> IF LPAREN BOOLEAN RPAREN . LBRACE single_stmt RBRACE ELSE LBRACE single_stmt RBRACE

    LBRACE          shift and go to state 66


state 62

    (12) stmt -> IF LPAREN comparacao RPAREN . LBRACE stmt RBRACE
    (14) stmt -> IF LPAREN comparacao RPAREN . LBRACE single_stmt RBRACE ELSE LBRACE single_stmt RBRACE

    LBRACE          shift and go to state 67


state 63

    (17) stmt -> WHILE LPAREN BOOLEAN RPAREN . LBRACE stmt RBRACE

    LBRACE          shift and go to state 68


state 64

    (18) stmt -> WHILE LPAREN comparacao RPAREN . LBRACE stmt RBRACE

    LBRACE          shift and go to state 69


state 65

    (41) c_channel -> CHAN ID : ID . , ID

    ,               shift and go to state 70


state 66

    (11) stmt -> IF LPAREN BOOLEAN RPAREN LBRACE . stmt RBRACE
    (13) stmt -> IF LPAREN BOOLEAN RPAREN LBRACE . single_stmt RBRACE ELSE LBRACE single_stmt RBRACE
    (9) stmt -> . atribuicao
    (10) stmt -> . comparacao
    (11) stmt -> . IF LPAREN BOOLEAN RPAREN LBRACE stmt RBRACE
    (12) stmt -> . IF LPAREN comparacao RPAREN LBRACE stmt RBRACE
    (13) stmt -> . IF LPAREN BOOLEAN RPAREN LBRACE single_stmt RBRACE ELSE LBRACE single_stmt RBRACE
    (14) stmt -> . IF LPAREN comparacao RPAREN LBRACE single_stmt RBRACE ELSE LBRACE single_stmt RBRACE
    (17) stmt -> . WHILE LPAREN BOOLEAN RPAREN LBRACE stmt RBRACE
    (18) stmt -> . WHILE LPAREN comparacao RPAREN LBRACE stmt RBRACE
    (15) single_stmt -> . atribuicao
    (16) single_stmt -> . comparacao
    (19) atribuicao -> . ID EQUAL expr
    (20) comparacao -> . expr LESSTHAN expr
    (21) comparacao -> . expr GREATERTHAN expr
    (22) comparacao -> . expr NOTEQUAL expr
    (23) expr -> . c_channel
    (24) expr -> . ID
    (25) expr -> . NUMBER
    (26) expr -> . operacao
    (27) expr -> . BOOLEAN
    (28) expr -> . STRING
    (29) expr -> . LPAREN expr RPAREN
    (30) expr -> . LPAREN c_channel RPAREN
    (41) c_channel -> . CHAN ID : ID , ID
    (31) operacao -> . adicao
    (32) operacao -> . subtracao
    (33) operacao -> . multiplicacao
    (34) operacao -> . divisao
    (35) adicao -> . NUMBER PLUS NUMBER
    (36) adicao -> . ID PLUS ID
    (37) adicao -> . ID PLUS NUMBER
    (38) subtracao -> . NUMBER MINUS NUMBER
    (39) multiplicacao -> . NUMBER TIMES NUMBER
    (40) divisao -> . NUMBER DIVIDE NUMBER

    IF              shift and go to state 11
    WHILE           shift and go to state 14
    ID              shift and go to state 15
    NUMBER          shift and go to state 18
    BOOLEAN         shift and go to state 13
    STRING          shift and go to state 20
    LPAREN          shift and go to state 12
    CHAN            shift and go to state 21

    stmt                           shift and go to state 71
    single_stmt                    shift and go to state 72
    atribuicao                     shift and go to state 73
    comparacao                     shift and go to state 74
    expr                           shift and go to state 16
    c_channel                      shift and go to state 17
    operacao                       shift and go to state 19
    adicao                         shift and go to state 22
    subtracao                      shift and go to state 23
    multiplicacao                  shift and go to state 24
    divisao                        shift and go to state 25

state 67

    (12) stmt -> IF LPAREN comparacao RPAREN LBRACE . stmt RBRACE
    (14) stmt -> IF LPAREN comparacao RPAREN LBRACE . single_stmt RBRACE ELSE LBRACE single_stmt RBRACE
    (9) stmt -> . atribuicao
    (10) stmt -> . comparacao
    (11) stmt -> . IF LPAREN BOOLEAN RPAREN LBRACE stmt RBRACE
    (12) stmt -> . IF LPAREN comparacao RPAREN LBRACE stmt RBRACE
    (13) stmt -> . IF LPAREN BOOLEAN RPAREN LBRACE single_stmt RBRACE ELSE LBRACE single_stmt RBRACE
    (14) stmt -> . IF LPAREN comparacao RPAREN LBRACE single_stmt RBRACE ELSE LBRACE single_stmt RBRACE
    (17) stmt -> . WHILE LPAREN BOOLEAN RPAREN LBRACE stmt RBRACE
    (18) stmt -> . WHILE LPAREN comparacao RPAREN LBRACE stmt RBRACE
    (15) single_stmt -> . atribuicao
    (16) single_stmt -> . comparacao
    (19) atribuicao -> . ID EQUAL expr
    (20) comparacao -> . expr LESSTHAN expr
    (21) comparacao -> . expr GREATERTHAN expr
    (22) comparacao -> . expr NOTEQUAL expr
    (23) expr -> . c_channel
    (24) expr -> . ID
    (25) expr -> . NUMBER
    (26) expr -> . operacao
    (27) expr -> . BOOLEAN
    (28) expr -> . STRING
    (29) expr -> . LPAREN expr RPAREN
    (30) expr -> . LPAREN c_channel RPAREN
    (41) c_channel -> . CHAN ID : ID , ID
    (31) operacao -> . adicao
    (32) operacao -> . subtracao
    (33) operacao -> . multiplicacao
    (34) operacao -> . divisao
    (35) adicao -> . NUMBER PLUS NUMBER
    (36) adicao -> . ID PLUS ID
    (37) adicao -> . ID PLUS NUMBER
    (38) subtracao -> . NUMBER MINUS NUMBER
    (39) multiplicacao -> . NUMBER TIMES NUMBER
    (40) divisao -> . NUMBER DIVIDE NUMBER

    IF              shift and go to state 11
    WHILE           shift and go to state 14
    ID              shift and go to state 15
    NUMBER          shift and go to state 18
    BOOLEAN         shift and go to state 13
    STRING          shift and go to state 20
    LPAREN          shift and go to state 12
    CHAN            shift and go to state 21

    comparacao                     shift and go to state 74
    stmt                           shift and go to state 75
    single_stmt                    shift and go to state 76
    atribuicao                     shift and go to state 73
    expr                           shift and go to state 16
    c_channel                      shift and go to state 17
    operacao                       shift and go to state 19
    adicao                         shift and go to state 22
    subtracao                      shift and go to state 23
    multiplicacao                  shift and go to state 24
    divisao                        shift and go to state 25

state 68

    (17) stmt -> WHILE LPAREN BOOLEAN RPAREN LBRACE . stmt RBRACE
    (9) stmt -> . atribuicao
    (10) stmt -> . comparacao
    (11) stmt -> . IF LPAREN BOOLEAN RPAREN LBRACE stmt RBRACE
    (12) stmt -> . IF LPAREN comparacao RPAREN LBRACE stmt RBRACE
    (13) stmt -> . IF LPAREN BOOLEAN RPAREN LBRACE single_stmt RBRACE ELSE LBRACE single_stmt RBRACE
    (14) stmt -> . IF LPAREN comparacao RPAREN LBRACE single_stmt RBRACE ELSE LBRACE single_stmt RBRACE
    (17) stmt -> . WHILE LPAREN BOOLEAN RPAREN LBRACE stmt RBRACE
    (18) stmt -> . WHILE LPAREN comparacao RPAREN LBRACE stmt RBRACE
    (19) atribuicao -> . ID EQUAL expr
    (20) comparacao -> . expr LESSTHAN expr
    (21) comparacao -> . expr GREATERTHAN expr
    (22) comparacao -> . expr NOTEQUAL expr
    (23) expr -> . c_channel
    (24) expr -> . ID
    (25) expr -> . NUMBER
    (26) expr -> . operacao
    (27) expr -> . BOOLEAN
    (28) expr -> . STRING
    (29) expr -> . LPAREN expr RPAREN
    (30) expr -> . LPAREN c_channel RPAREN
    (41) c_channel -> . CHAN ID : ID , ID
    (31) operacao -> . adicao
    (32) operacao -> . subtracao
    (33) operacao -> . multiplicacao
    (34) operacao -> . divisao
    (35) adicao -> . NUMBER PLUS NUMBER
    (36) adicao -> . ID PLUS ID
    (37) adicao -> . ID PLUS NUMBER
    (38) subtracao -> . NUMBER MINUS NUMBER
    (39) multiplicacao -> . NUMBER TIMES NUMBER
    (40) divisao -> . NUMBER DIVIDE NUMBER

    IF              shift and go to state 11
    WHILE           shift and go to state 14
    ID              shift and go to state 15
    NUMBER          shift and go to state 18
    BOOLEAN         shift and go to state 13
    STRING          shift and go to state 20
    LPAREN          shift and go to state 12
    CHAN            shift and go to state 21

    stmt                           shift and go to state 77
    atribuicao                     shift and go to state 9
    comparacao                     shift and go to state 10
    expr                           shift and go to state 16
    c_channel                      shift and go to state 17
    operacao                       shift and go to state 19
    adicao                         shift and go to state 22
    subtracao                      shift and go to state 23
    multiplicacao                  shift and go to state 24
    divisao                        shift and go to state 25

state 69

    (18) stmt -> WHILE LPAREN comparacao RPAREN LBRACE . stmt RBRACE
    (9) stmt -> . atribuicao
    (10) stmt -> . comparacao
    (11) stmt -> . IF LPAREN BOOLEAN RPAREN LBRACE stmt RBRACE
    (12) stmt -> . IF LPAREN comparacao RPAREN LBRACE stmt RBRACE
    (13) stmt -> . IF LPAREN BOOLEAN RPAREN LBRACE single_stmt RBRACE ELSE LBRACE single_stmt RBRACE
    (14) stmt -> . IF LPAREN comparacao RPAREN LBRACE single_stmt RBRACE ELSE LBRACE single_stmt RBRACE
    (17) stmt -> . WHILE LPAREN BOOLEAN RPAREN LBRACE stmt RBRACE
    (18) stmt -> . WHILE LPAREN comparacao RPAREN LBRACE stmt RBRACE
    (19) atribuicao -> . ID EQUAL expr
    (20) comparacao -> . expr LESSTHAN expr
    (21) comparacao -> . expr GREATERTHAN expr
    (22) comparacao -> . expr NOTEQUAL expr
    (23) expr -> . c_channel
    (24) expr -> . ID
    (25) expr -> . NUMBER
    (26) expr -> . operacao
    (27) expr -> . BOOLEAN
    (28) expr -> . STRING
    (29) expr -> . LPAREN expr RPAREN
    (30) expr -> . LPAREN c_channel RPAREN
    (41) c_channel -> . CHAN ID : ID , ID
    (31) operacao -> . adicao
    (32) operacao -> . subtracao
    (33) operacao -> . multiplicacao
    (34) operacao -> . divisao
    (35) adicao -> . NUMBER PLUS NUMBER
    (36) adicao -> . ID PLUS ID
    (37) adicao -> . ID PLUS NUMBER
    (38) subtracao -> . NUMBER MINUS NUMBER
    (39) multiplicacao -> . NUMBER TIMES NUMBER
    (40) divisao -> . NUMBER DIVIDE NUMBER

    IF              shift and go to state 11
    WHILE           shift and go to state 14
    ID              shift and go to state 15
    NUMBER          shift and go to state 18
    BOOLEAN         shift and go to state 13
    STRING          shift and go to state 20
    LPAREN          shift and go to state 12
    CHAN            shift and go to state 21

    comparacao                     shift and go to state 10
    stmt                           shift and go to state 78
    atribuicao                     shift and go to state 9
    expr                           shift and go to state 16
    c_channel                      shift and go to state 17
    operacao                       shift and go to state 19
    adicao                         shift and go to state 22
    subtracao                      shift and go to state 23
    multiplicacao                  shift and go to state 24
    divisao                        shift and go to state 25

state 70

    (41) c_channel -> CHAN ID : ID , . ID

    ID              shift and go to state 79


state 71

    (11) stmt -> IF LPAREN BOOLEAN RPAREN LBRACE stmt . RBRACE

    RBRACE          shift and go to state 80


state 72

    (13) stmt -> IF LPAREN BOOLEAN RPAREN LBRACE single_stmt . RBRACE ELSE LBRACE single_stmt RBRACE

    RBRACE          shift and go to state 81


state 73

    (9) stmt -> atribuicao .
    (15) single_stmt -> atribuicao .

  ! reduce/reduce conflict for RBRACE resolved using rule 9 (stmt -> atribuicao .)
    RBRACE          reduce using rule 9 (stmt -> atribuicao .)

  ! RBRACE          [ reduce using rule 15 (single_stmt -> atribuicao .) ]


state 74

    (10) stmt -> comparacao .
    (16) single_stmt -> comparacao .

  ! reduce/reduce conflict for RBRACE resolved using rule 10 (stmt -> comparacao .)
    RBRACE          reduce using rule 10 (stmt -> comparacao .)

  ! RBRACE          [ reduce using rule 16 (single_stmt -> comparacao .) ]


state 75

    (12) stmt -> IF LPAREN comparacao RPAREN LBRACE stmt . RBRACE

    RBRACE          shift and go to state 82


state 76

    (14) stmt -> IF LPAREN comparacao RPAREN LBRACE single_stmt . RBRACE ELSE LBRACE single_stmt RBRACE

    RBRACE          shift and go to state 83


state 77

    (17) stmt -> WHILE LPAREN BOOLEAN RPAREN LBRACE stmt . RBRACE

    RBRACE          shift and go to state 84


state 78

    (18) stmt -> WHILE LPAREN comparacao RPAREN LBRACE stmt . RBRACE

    RBRACE          shift and go to state 85


state 79

    (41) c_channel -> CHAN ID : ID , ID .

    LESSTHAN        reduce using rule 41 (c_channel -> CHAN ID : ID , ID .)
    GREATERTHAN     reduce using rule 41 (c_channel -> CHAN ID : ID , ID .)
    NOTEQUAL        reduce using rule 41 (c_channel -> CHAN ID : ID , ID .)
    RPAREN          reduce using rule 41 (c_channel -> CHAN ID : ID , ID .)
    IF              reduce using rule 41 (c_channel -> CHAN ID : ID , ID .)
    WHILE           reduce using rule 41 (c_channel -> CHAN ID : ID , ID .)
    ID              reduce using rule 41 (c_channel -> CHAN ID : ID , ID .)
    NUMBER          reduce using rule 41 (c_channel -> CHAN ID : ID , ID .)
    BOOLEAN         reduce using rule 41 (c_channel -> CHAN ID : ID , ID .)
    STRING          reduce using rule 41 (c_channel -> CHAN ID : ID , ID .)
    LPAREN          reduce using rule 41 (c_channel -> CHAN ID : ID , ID .)
    CHAN            reduce using rule 41 (c_channel -> CHAN ID : ID , ID .)
    $end            reduce using rule 41 (c_channel -> CHAN ID : ID , ID .)
    RBRACE          reduce using rule 41 (c_channel -> CHAN ID : ID , ID .)


state 80

    (11) stmt -> IF LPAREN BOOLEAN RPAREN LBRACE stmt RBRACE .

    IF              reduce using rule 11 (stmt -> IF LPAREN BOOLEAN RPAREN LBRACE stmt RBRACE .)
    WHILE           reduce using rule 11 (stmt -> IF LPAREN BOOLEAN RPAREN LBRACE stmt RBRACE .)
    ID              reduce using rule 11 (stmt -> IF LPAREN BOOLEAN RPAREN LBRACE stmt RBRACE .)
    NUMBER          reduce using rule 11 (stmt -> IF LPAREN BOOLEAN RPAREN LBRACE stmt RBRACE .)
    BOOLEAN         reduce using rule 11 (stmt -> IF LPAREN BOOLEAN RPAREN LBRACE stmt RBRACE .)
    STRING          reduce using rule 11 (stmt -> IF LPAREN BOOLEAN RPAREN LBRACE stmt RBRACE .)
    LPAREN          reduce using rule 11 (stmt -> IF LPAREN BOOLEAN RPAREN LBRACE stmt RBRACE .)
    CHAN            reduce using rule 11 (stmt -> IF LPAREN BOOLEAN RPAREN LBRACE stmt RBRACE .)
    $end            reduce using rule 11 (stmt -> IF LPAREN BOOLEAN RPAREN LBRACE stmt RBRACE .)
    RBRACE          reduce using rule 11 (stmt -> IF LPAREN BOOLEAN RPAREN LBRACE stmt RBRACE .)


state 81

    (13) stmt -> IF LPAREN BOOLEAN RPAREN LBRACE single_stmt RBRACE . ELSE LBRACE single_stmt RBRACE

    ELSE            shift and go to state 86


state 82

    (12) stmt -> IF LPAREN comparacao RPAREN LBRACE stmt RBRACE .

    IF              reduce using rule 12 (stmt -> IF LPAREN comparacao RPAREN LBRACE stmt RBRACE .)
    WHILE           reduce using rule 12 (stmt -> IF LPAREN comparacao RPAREN LBRACE stmt RBRACE .)
    ID              reduce using rule 12 (stmt -> IF LPAREN comparacao RPAREN LBRACE stmt RBRACE .)
    NUMBER          reduce using rule 12 (stmt -> IF LPAREN comparacao RPAREN LBRACE stmt RBRACE .)
    BOOLEAN         reduce using rule 12 (stmt -> IF LPAREN comparacao RPAREN LBRACE stmt RBRACE .)
    STRING          reduce using rule 12 (stmt -> IF LPAREN comparacao RPAREN LBRACE stmt RBRACE .)
    LPAREN          reduce using rule 12 (stmt -> IF LPAREN comparacao RPAREN LBRACE stmt RBRACE .)
    CHAN            reduce using rule 12 (stmt -> IF LPAREN comparacao RPAREN LBRACE stmt RBRACE .)
    $end            reduce using rule 12 (stmt -> IF LPAREN comparacao RPAREN LBRACE stmt RBRACE .)
    RBRACE          reduce using rule 12 (stmt -> IF LPAREN comparacao RPAREN LBRACE stmt RBRACE .)


state 83

    (14) stmt -> IF LPAREN comparacao RPAREN LBRACE single_stmt RBRACE . ELSE LBRACE single_stmt RBRACE

    ELSE            shift and go to state 87


state 84

    (17) stmt -> WHILE LPAREN BOOLEAN RPAREN LBRACE stmt RBRACE .

    IF              reduce using rule 17 (stmt -> WHILE LPAREN BOOLEAN RPAREN LBRACE stmt RBRACE .)
    WHILE           reduce using rule 17 (stmt -> WHILE LPAREN BOOLEAN RPAREN LBRACE stmt RBRACE .)
    ID              reduce using rule 17 (stmt -> WHILE LPAREN BOOLEAN RPAREN LBRACE stmt RBRACE .)
    NUMBER          reduce using rule 17 (stmt -> WHILE LPAREN BOOLEAN RPAREN LBRACE stmt RBRACE .)
    BOOLEAN         reduce using rule 17 (stmt -> WHILE LPAREN BOOLEAN RPAREN LBRACE stmt RBRACE .)
    STRING          reduce using rule 17 (stmt -> WHILE LPAREN BOOLEAN RPAREN LBRACE stmt RBRACE .)
    LPAREN          reduce using rule 17 (stmt -> WHILE LPAREN BOOLEAN RPAREN LBRACE stmt RBRACE .)
    CHAN            reduce using rule 17 (stmt -> WHILE LPAREN BOOLEAN RPAREN LBRACE stmt RBRACE .)
    $end            reduce using rule 17 (stmt -> WHILE LPAREN BOOLEAN RPAREN LBRACE stmt RBRACE .)
    RBRACE          reduce using rule 17 (stmt -> WHILE LPAREN BOOLEAN RPAREN LBRACE stmt RBRACE .)


state 85

    (18) stmt -> WHILE LPAREN comparacao RPAREN LBRACE stmt RBRACE .

    IF              reduce using rule 18 (stmt -> WHILE LPAREN comparacao RPAREN LBRACE stmt RBRACE .)
    WHILE           reduce using rule 18 (stmt -> WHILE LPAREN comparacao RPAREN LBRACE stmt RBRACE .)
    ID              reduce using rule 18 (stmt -> WHILE LPAREN comparacao RPAREN LBRACE stmt RBRACE .)
    NUMBER          reduce using rule 18 (stmt -> WHILE LPAREN comparacao RPAREN LBRACE stmt RBRACE .)
    BOOLEAN         reduce using rule 18 (stmt -> WHILE LPAREN comparacao RPAREN LBRACE stmt RBRACE .)
    STRING          reduce using rule 18 (stmt -> WHILE LPAREN comparacao RPAREN LBRACE stmt RBRACE .)
    LPAREN          reduce using rule 18 (stmt -> WHILE LPAREN comparacao RPAREN LBRACE stmt RBRACE .)
    CHAN            reduce using rule 18 (stmt -> WHILE LPAREN comparacao RPAREN LBRACE stmt RBRACE .)
    $end            reduce using rule 18 (stmt -> WHILE LPAREN comparacao RPAREN LBRACE stmt RBRACE .)
    RBRACE          reduce using rule 18 (stmt -> WHILE LPAREN comparacao RPAREN LBRACE stmt RBRACE .)


state 86

    (13) stmt -> IF LPAREN BOOLEAN RPAREN LBRACE single_stmt RBRACE ELSE . LBRACE single_stmt RBRACE

    LBRACE          shift and go to state 88


state 87

    (14) stmt -> IF LPAREN comparacao RPAREN LBRACE single_stmt RBRACE ELSE . LBRACE single_stmt RBRACE

    LBRACE          shift and go to state 89


state 88

    (13) stmt -> IF LPAREN BOOLEAN RPAREN LBRACE single_stmt RBRACE ELSE LBRACE . single_stmt RBRACE
    (15) single_stmt -> . atribuicao
    (16) single_stmt -> . comparacao
    (19) atribuicao -> . ID EQUAL expr
    (20) comparacao -> . expr LESSTHAN expr
    (21) comparacao -> . expr GREATERTHAN expr
    (22) comparacao -> . expr NOTEQUAL expr
    (23) expr -> . c_channel
    (24) expr -> . ID
    (25) expr -> . NUMBER
    (26) expr -> . operacao
    (27) expr -> . BOOLEAN
    (28) expr -> . STRING
    (29) expr -> . LPAREN expr RPAREN
    (30) expr -> . LPAREN c_channel RPAREN
    (41) c_channel -> . CHAN ID : ID , ID
    (31) operacao -> . adicao
    (32) operacao -> . subtracao
    (33) operacao -> . multiplicacao
    (34) operacao -> . divisao
    (35) adicao -> . NUMBER PLUS NUMBER
    (36) adicao -> . ID PLUS ID
    (37) adicao -> . ID PLUS NUMBER
    (38) subtracao -> . NUMBER MINUS NUMBER
    (39) multiplicacao -> . NUMBER TIMES NUMBER
    (40) divisao -> . NUMBER DIVIDE NUMBER

    ID              shift and go to state 15
    NUMBER          shift and go to state 18
    BOOLEAN         shift and go to state 13
    STRING          shift and go to state 20
    LPAREN          shift and go to state 12
    CHAN            shift and go to state 21

    single_stmt                    shift and go to state 90
    atribuicao                     shift and go to state 91
    comparacao                     shift and go to state 92
    expr                           shift and go to state 16
    c_channel                      shift and go to state 17
    operacao                       shift and go to state 19
    adicao                         shift and go to state 22
    subtracao                      shift and go to state 23
    multiplicacao                  shift and go to state 24
    divisao                        shift and go to state 25

state 89

    (14) stmt -> IF LPAREN comparacao RPAREN LBRACE single_stmt RBRACE ELSE LBRACE . single_stmt RBRACE
    (15) single_stmt -> . atribuicao
    (16) single_stmt -> . comparacao
    (19) atribuicao -> . ID EQUAL expr
    (20) comparacao -> . expr LESSTHAN expr
    (21) comparacao -> . expr GREATERTHAN expr
    (22) comparacao -> . expr NOTEQUAL expr
    (23) expr -> . c_channel
    (24) expr -> . ID
    (25) expr -> . NUMBER
    (26) expr -> . operacao
    (27) expr -> . BOOLEAN
    (28) expr -> . STRING
    (29) expr -> . LPAREN expr RPAREN
    (30) expr -> . LPAREN c_channel RPAREN
    (41) c_channel -> . CHAN ID : ID , ID
    (31) operacao -> . adicao
    (32) operacao -> . subtracao
    (33) operacao -> . multiplicacao
    (34) operacao -> . divisao
    (35) adicao -> . NUMBER PLUS NUMBER
    (36) adicao -> . ID PLUS ID
    (37) adicao -> . ID PLUS NUMBER
    (38) subtracao -> . NUMBER MINUS NUMBER
    (39) multiplicacao -> . NUMBER TIMES NUMBER
    (40) divisao -> . NUMBER DIVIDE NUMBER

    ID              shift and go to state 15
    NUMBER          shift and go to state 18
    BOOLEAN         shift and go to state 13
    STRING          shift and go to state 20
    LPAREN          shift and go to state 12
    CHAN            shift and go to state 21

    comparacao                     shift and go to state 92
    single_stmt                    shift and go to state 93
    atribuicao                     shift and go to state 91
    expr                           shift and go to state 16
    c_channel                      shift and go to state 17
    operacao                       shift and go to state 19
    adicao                         shift and go to state 22
    subtracao                      shift and go to state 23
    multiplicacao                  shift and go to state 24
    divisao                        shift and go to state 25

state 90

    (13) stmt -> IF LPAREN BOOLEAN RPAREN LBRACE single_stmt RBRACE ELSE LBRACE single_stmt . RBRACE

    RBRACE          shift and go to state 94


state 91

    (15) single_stmt -> atribuicao .

    RBRACE          reduce using rule 15 (single_stmt -> atribuicao .)


state 92

    (16) single_stmt -> comparacao .

    RBRACE          reduce using rule 16 (single_stmt -> comparacao .)


state 93

    (14) stmt -> IF LPAREN comparacao RPAREN LBRACE single_stmt RBRACE ELSE LBRACE single_stmt . RBRACE

    RBRACE          shift and go to state 95


state 94

    (13) stmt -> IF LPAREN BOOLEAN RPAREN LBRACE single_stmt RBRACE ELSE LBRACE single_stmt RBRACE .

    IF              reduce using rule 13 (stmt -> IF LPAREN BOOLEAN RPAREN LBRACE single_stmt RBRACE ELSE LBRACE single_stmt RBRACE .)
    WHILE           reduce using rule 13 (stmt -> IF LPAREN BOOLEAN RPAREN LBRACE single_stmt RBRACE ELSE LBRACE single_stmt RBRACE .)
    ID              reduce using rule 13 (stmt -> IF LPAREN BOOLEAN RPAREN LBRACE single_stmt RBRACE ELSE LBRACE single_stmt RBRACE .)
    NUMBER          reduce using rule 13 (stmt -> IF LPAREN BOOLEAN RPAREN LBRACE single_stmt RBRACE ELSE LBRACE single_stmt RBRACE .)
    BOOLEAN         reduce using rule 13 (stmt -> IF LPAREN BOOLEAN RPAREN LBRACE single_stmt RBRACE ELSE LBRACE single_stmt RBRACE .)
    STRING          reduce using rule 13 (stmt -> IF LPAREN BOOLEAN RPAREN LBRACE single_stmt RBRACE ELSE LBRACE single_stmt RBRACE .)
    LPAREN          reduce using rule 13 (stmt -> IF LPAREN BOOLEAN RPAREN LBRACE single_stmt RBRACE ELSE LBRACE single_stmt RBRACE .)
    CHAN            reduce using rule 13 (stmt -> IF LPAREN BOOLEAN RPAREN LBRACE single_stmt RBRACE ELSE LBRACE single_stmt RBRACE .)
    $end            reduce using rule 13 (stmt -> IF LPAREN BOOLEAN RPAREN LBRACE single_stmt RBRACE ELSE LBRACE single_stmt RBRACE .)
    RBRACE          reduce using rule 13 (stmt -> IF LPAREN BOOLEAN RPAREN LBRACE single_stmt RBRACE ELSE LBRACE single_stmt RBRACE .)


state 95

    (14) stmt -> IF LPAREN comparacao RPAREN LBRACE single_stmt RBRACE ELSE LBRACE single_stmt RBRACE .

    IF              reduce using rule 14 (stmt -> IF LPAREN comparacao RPAREN LBRACE single_stmt RBRACE ELSE LBRACE single_stmt RBRACE .)
    WHILE           reduce using rule 14 (stmt -> IF LPAREN comparacao RPAREN LBRACE single_stmt RBRACE ELSE LBRACE single_stmt RBRACE .)
    ID              reduce using rule 14 (stmt -> IF LPAREN comparacao RPAREN LBRACE single_stmt RBRACE ELSE LBRACE single_stmt RBRACE .)
    NUMBER          reduce using rule 14 (stmt -> IF LPAREN comparacao RPAREN LBRACE single_stmt RBRACE ELSE LBRACE single_stmt RBRACE .)
    BOOLEAN         reduce using rule 14 (stmt -> IF LPAREN comparacao RPAREN LBRACE single_stmt RBRACE ELSE LBRACE single_stmt RBRACE .)
    STRING          reduce using rule 14 (stmt -> IF LPAREN comparacao RPAREN LBRACE single_stmt RBRACE ELSE LBRACE single_stmt RBRACE .)
    LPAREN          reduce using rule 14 (stmt -> IF LPAREN comparacao RPAREN LBRACE single_stmt RBRACE ELSE LBRACE single_stmt RBRACE .)
    CHAN            reduce using rule 14 (stmt -> IF LPAREN comparacao RPAREN LBRACE single_stmt RBRACE ELSE LBRACE single_stmt RBRACE .)
    $end            reduce using rule 14 (stmt -> IF LPAREN comparacao RPAREN LBRACE single_stmt RBRACE ELSE LBRACE single_stmt RBRACE .)
    RBRACE          reduce using rule 14 (stmt -> IF LPAREN comparacao RPAREN LBRACE single_stmt RBRACE ELSE LBRACE single_stmt RBRACE .)

WARNING: 
WARNING: Conflicts:
WARNING: 
WARNING: shift/reduce conflict for RPAREN in state 31 resolved as shift
WARNING: reduce/reduce conflict in state 73 resolved using rule (stmt -> atribuicao)
WARNING: rejected rule (single_stmt -> atribuicao) in state 73
WARNING: reduce/reduce conflict in state 74 resolved using rule (stmt -> comparacao)
WARNING: rejected rule (single_stmt -> comparacao) in state 74
